<?xml version="1.0" encoding="UTF-8"?>
<!-- Generated by org.testng.reporters.JUnitReportReporter -->
<testsuite hostname="LAPTOP-BPCGH62E" failures="0" tests="1" name="test.OverviewPageTest" time="17.361" errors="0" timestamp="2023-11-07T21:22:36 GMT-05:00" skipped="0">
  <testcase classname="test.OverviewPageTest" name="calculation2" time="17.361"/>
</testsuite> <!-- test.OverviewPageTest -->
