<?xml version="1.0" encoding="UTF-8"?>
<!-- Generated by org.testng.reporters.JUnitReportReporter -->
<testsuite hostname="LAPTOP-BPCGH62E" failures="0" tests="6" name="test.SwagLabsLoginTest" time="28.724" errors="0" timestamp="2023-11-06T09:02:51 GMT-05:00" skipped="0">
  <testcase classname="test.SwagLabsLoginTest" name="logincredintials1" time="3.204"/>
  <testcase classname="test.SwagLabsLoginTest" name="logincredintials4" time="7.847"/>
  <testcase classname="test.SwagLabsLoginTest" name="logincredintials2" time="4.467"/>
  <testcase classname="test.SwagLabsLoginTest" name="logincredintials6" time="7.096"/>
  <testcase classname="test.SwagLabsLoginTest" name="logincredintials5" time="3.048"/>
  <testcase classname="test.SwagLabsLoginTest" name="logincredintials3" time="3.062"/>
</testsuite> <!-- test.SwagLabsLoginTest -->
