<?xml version="1.0" encoding="UTF-8"?>
<!-- Generated by org.testng.reporters.JUnitReportReporter -->
<testsuite hostname="LAPTOP-BPCGH62E" failures="0" tests="1" name="test.Product_HomePageTest" time="11.415" errors="0" timestamp="2023-11-07T18:46:42 GMT-05:00" skipped="0">
  <testcase classname="test.Product_HomePageTest" name="calculation" time="11.415"/>
</testsuite> <!-- test.Product_HomePageTest -->
